0 info it worked if it ends with ok
1 verbose cli [ 'C:\\Program Files\\nodejs\\\\node.exe',
1 verbose cli   'C:\\Program Files\\nodejs\\node_modules\\npm\\bin\\npm-cli.js',
1 verbose cli   'install',
1 verbose cli   'grunt@0.4.0-rc4',
1 verbose cli   '--save',
1 verbose cli   'mdwiki' ]
2 info using npm@2.9.1
3 info using node@v0.10.41
4 verbose node symlink C:\Program Files\nodejs\\node.exe
5 verbose install initial load of D:\Code\PHP\git\mdwiki\package.json
6 warn package.json mdwiki@0.7.0 No repository field.
7 verbose installManyTop reading scoped package data from D:\Code\PHP\git\mdwiki\node_modules\bower\package.json
8 verbose installManyTop reading scoped package data from D:\Code\PHP\git\mdwiki\node_modules\grunt\package.json
9 verbose installManyTop reading scoped package data from D:\Code\PHP\git\mdwiki\node_modules\grunt-cli\package.json
10 verbose installManyTop reading scoped package data from D:\Code\PHP\git\mdwiki\node_modules\grunt-contrib-concat\package.json
11 verbose installManyTop reading scoped package data from D:\Code\PHP\git\mdwiki\node_modules\grunt-contrib-copy\package.json
12 verbose installManyTop reading scoped package data from D:\Code\PHP\git\mdwiki\node_modules\grunt-contrib-jshint\package.json
13 verbose installManyTop reading scoped package data from D:\Code\PHP\git\mdwiki\node_modules\grunt-contrib-less\package.json
14 verbose installManyTop reading scoped package data from D:\Code\PHP\git\mdwiki\node_modules\grunt-contrib-uglify\package.json
15 verbose installManyTop reading scoped package data from D:\Code\PHP\git\mdwiki\node_modules\grunt-contrib-watch\package.json
16 verbose installManyTop reading scoped package data from D:\Code\PHP\git\mdwiki\node_modules\grunt-http-server\package.json
17 verbose installManyTop reading scoped package data from D:\Code\PHP\git\mdwiki\node_modules\grunt-shell\package.json
18 verbose installManyTop reading scoped package data from D:\Code\PHP\git\mdwiki\node_modules\grunt-typescript\package.json
19 verbose installManyTop reading scoped package data from D:\Code\PHP\git\mdwiki\node_modules\handlebars\package.json
20 verbose installManyTop reading scoped package data from D:\Code\PHP\git\mdwiki\node_modules\load-grunt-tasks\package.json
21 verbose installManyTop reading scoped package data from D:\Code\PHP\git\mdwiki\node_modules\tsd\package.json
22 verbose installManyTop reading scoped package data from D:\Code\PHP\git\mdwiki\node_modules\typescript\package.json
23 verbose readDependencies loading dependencies from D:\Code\PHP\git\mdwiki\package.json
24 silly cache add args [ 'grunt@0.4.0-rc4', null ]
25 verbose cache add spec grunt@0.4.0-rc4
26 warn install Refusing to install mdwiki as a dependency of itself
27 silly cache add parsed spec { raw: 'grunt@0.4.0-rc4',
27 silly cache add   scope: null,
27 silly cache add   name: 'grunt',
27 silly cache add   rawSpec: '0.4.0-rc4',
27 silly cache add   spec: '0.4.0-rc4',
27 silly cache add   type: 'version' }
28 silly addNamed grunt@0.4.0-rc4
29 verbose addNamed "0.4.0-rc4" is a plain semver version for grunt
30 silly mapToRegistry name grunt
31 silly mapToRegistry using default registry
32 silly mapToRegistry registry https://registry.npm.taobao.org/
33 silly mapToRegistry uri https://registry.npm.taobao.org/grunt
34 verbose addNameVersion registry:https://registry.npm.taobao.org/grunt not in flight; fetching
35 verbose request uri https://registry.npm.taobao.org/grunt
36 verbose request no auth needed
37 info attempt registry request try #1 at 09:19:40
38 verbose request id 9d02668ef68b4a3d
39 verbose etag "137d4-jcdi9swGuYuWBu8o45oJsQ"
40 http request GET https://registry.npm.taobao.org/grunt
41 http 304 https://registry.npm.taobao.org/grunt
42 silly get cb [ 304,
42 silly get   { date: 'Sat, 12 Dec 2015 01:19:42 GMT',
42 silly get     connection: 'keep-alive',
42 silly get     etag: '"137d4-jcdi9swGuYuWBu8o45oJsQ"',
42 silly get     'x-readtime': '47' } ]
43 verbose etag https://registry.npm.taobao.org/grunt from cache
44 verbose get saving grunt to c:\program files\nodejs\node_cache\registry.npm.taobao.org\grunt\.cache.json
45 verbose stack Error: version not found: grunt@0.4.0-rc4
45 verbose stack     at setData (C:\Program Files\nodejs\node_modules\npm\lib\cache\add-named.js:125:12)
45 verbose stack     at RES (C:\Program Files\nodejs\node_modules\npm\node_modules\inflight\inflight.js:23:14)
45 verbose stack     at f (C:\Program Files\nodejs\node_modules\npm\node_modules\once\once.js:17:25)
45 verbose stack     at saved (C:\Program Files\nodejs\node_modules\npm\lib\cache\caching-client.js:173:7)
45 verbose stack     at Object.oncomplete (fs.js:108:15)
46 verbose statusCode 404
47 verbose cwd D:\Code\PHP\git\mdwiki
48 error Windows_NT 10.0.10240
49 error argv "C:\\Program Files\\nodejs\\\\node.exe" "C:\\Program Files\\nodejs\\node_modules\\npm\\bin\\npm-cli.js" "install" "grunt@0.4.0-rc4" "--save" "mdwiki"
50 error node v0.10.41
51 error npm  v2.9.1
52 error version not found: grunt@0.4.0-rc4
53 error If you need help, you may report this error at:
53 error     <https://github.com/npm/npm/issues>
54 verbose exit [ 1, true ]
